[2018-08-10 16:58:43.429] [ERROR] app - { title: 'bpm pipehttp://demo.feg.cn:9999/default/bpm-rest-api/task/count?assignee=cassie',
  message: 
   { Error: getaddrinfo ENOTFOUND demo.feg.cn demo.feg.cn:9999
       at errnoException (dns.js:28:10)
       at GetAddrInfoReqWrap.onlookup [as oncomplete] (dns.js:76:26)
     code: 'ENOTFOUND',
     errno: 'ENOTFOUND',
     syscall: 'getaddrinfo',
     hostname: 'demo.feg.cn',
     host: 'demo.feg.cn',
     port: '9999' } }
[2018-08-11 08:09:42.583] [ERROR] app - { title: 'bpm pipehttp://demo.feg.cn:9999/default/bpm-rest-api/task/count?assignee=cassie',
  message: 
   { Error: getaddrinfo ENOTFOUND demo.feg.cn demo.feg.cn:9999
       at errnoException (dns.js:28:10)
       at GetAddrInfoReqWrap.onlookup [as oncomplete] (dns.js:76:26)
     code: 'ENOTFOUND',
     errno: 'ENOTFOUND',
     syscall: 'getaddrinfo',
     hostname: 'demo.feg.cn',
     host: 'demo.feg.cn',
     port: '9999' } }
[2018-08-11 08:11:41.012] [ERROR] app - { title: 'bpm pipehttp://demo.feg.cn:9999/default/bpm-rest-api/task/count?assignee=cassie',
  message: 
   { Error: getaddrinfo ENOTFOUND demo.feg.cn demo.feg.cn:9999
       at errnoException (dns.js:28:10)
       at GetAddrInfoReqWrap.onlookup [as oncomplete] (dns.js:76:26)
     code: 'ENOTFOUND',
     errno: 'ENOTFOUND',
     syscall: 'getaddrinfo',
     hostname: 'demo.feg.cn',
     host: 'demo.feg.cn',
     port: '9999' } }
[2018-08-11 08:13:34.661] [ERROR] app - { title: 'bpm pipehttp://demo.feg.cn:9999/default/bpm-rest-api/task/count?assignee=cassie',
  message: 
   { Error: getaddrinfo ENOTFOUND demo.feg.cn demo.feg.cn:9999
       at errnoException (dns.js:28:10)
       at GetAddrInfoReqWrap.onlookup [as oncomplete] (dns.js:76:26)
     code: 'ENOTFOUND',
     errno: 'ENOTFOUND',
     syscall: 'getaddrinfo',
     hostname: 'demo.feg.cn',
     host: 'demo.feg.cn',
     port: '9999' } }
[2018-08-11 08:17:17.952] [ERROR] app - { title: 'bpm pipehttp://demo.feg.cn:9999/default/bpm-rest-api/task/count?assignee=cassie',
  message: 
   { Error: getaddrinfo ENOTFOUND demo.feg.cn demo.feg.cn:9999
       at errnoException (dns.js:28:10)
       at GetAddrInfoReqWrap.onlookup [as oncomplete] (dns.js:76:26)
     code: 'ENOTFOUND',
     errno: 'ENOTFOUND',
     syscall: 'getaddrinfo',
     hostname: 'demo.feg.cn',
     host: 'demo.feg.cn',
     port: '9999' } }
[2018-08-11 08:23:13.312] [ERROR] basicRoute - { Error: getaddrinfo ENOTFOUND demo.feg.cn demo.feg.cn:9999
    at errnoException (dns.js:28:10)
    at GetAddrInfoReqWrap.onlookup [as oncomplete] (dns.js:76:26)
  code: 'ENOTFOUND',
  errno: 'ENOTFOUND',
  syscall: 'getaddrinfo',
  hostname: 'demo.feg.cn',
  host: 'demo.feg.cn',
  port: '9999' }
[2018-08-11 08:23:39.107] [ERROR] basicRoute - { Error: getaddrinfo ENOTFOUND demo.feg.cn demo.feg.cn:9999
    at errnoException (dns.js:28:10)
    at GetAddrInfoReqWrap.onlookup [as oncomplete] (dns.js:76:26)
  code: 'ENOTFOUND',
  errno: 'ENOTFOUND',
  syscall: 'getaddrinfo',
  hostname: 'demo.feg.cn',
  host: 'demo.feg.cn',
  port: '9999' }
[2018-09-21 13:47:50.210] [ERROR] bpm - error getAuth!404
[2018-09-21 13:47:52.087] [ERROR] bpm - error getAuth!404
[2018-09-21 13:47:56.843] [ERROR] bpm - error getAuth!404
[2018-09-21 13:48:00.441] [ERROR] bpm - error getAuth!404
[2018-09-21 13:48:03.248] [ERROR] bpm - error getAuth!404
[2018-09-21 13:48:17.363] [ERROR] bpm - error getAuth!404
[2018-09-21 13:48:19.527] [ERROR] bpm - error getAuth!404
[2018-09-21 13:48:20.645] [ERROR] bpm - error getAuth!404
[2018-09-21 13:48:21.193] [ERROR] bpm - error getAuth!404
[2018-09-21 13:48:21.587] [ERROR] bpm - error getAuth!404
[2018-09-21 13:48:21.981] [ERROR] bpm - error getAuth!404
[2018-09-21 13:48:22.466] [ERROR] bpm - error getAuth!404
[2018-09-21 13:48:25.462] [ERROR] bpm - error getAuth!404
[2018-09-21 13:48:26.116] [ERROR] memberSign - 404
[2018-09-21 13:48:29.468] [ERROR] bpm - error getAuth!404
[2018-09-21 13:48:35.285] [ERROR] bpm - error getAuth!404
[2018-09-21 14:03:01.345] [ERROR] bpm - error getAuth!404
[2018-09-21 15:49:02.807] [ERROR] bpm - error getAuth!404
[2018-09-21 16:09:29.651] [ERROR] bpm - error getAuth!404
[2018-09-21 16:41:05.013] [ERROR] bpm - error getAuth!404
[2018-09-21 16:41:06.051] [ERROR] bpm - error getAuth!404
[2018-09-21 16:41:06.870] [ERROR] bpm - error getAuth!404
[2018-09-21 16:41:07.136] [ERROR] bpm - error getAuth!404
[2018-09-21 16:41:07.304] [ERROR] bpm - error getAuth!404
[2018-09-21 16:41:07.467] [ERROR] bpm - error getAuth!404
[2018-09-21 16:41:22.345] [ERROR] bpm - error getAuth!404
[2018-09-21 16:41:26.790] [ERROR] bpm - error getAuth!404
[2018-09-21 16:41:35.566] [ERROR] bpm - error getAuth!404
[2018-09-21 16:41:38.434] [ERROR] bpm - error getAuth!404
[2018-09-21 16:42:55.666] [ERROR] bpm - error getAuth!404
[2018-09-21 16:43:18.332] [ERROR] bpm - error getAuth!404
[2018-09-21 16:50:07.207] [ERROR] bpm - error getAuth!404
[2018-09-21 17:01:55.254] [ERROR] bpm - error getAuth!404
[2018-09-22 07:57:34.005] [ERROR] bpm - error getAuth!404
[2018-09-22 07:58:23.391] [ERROR] bpm - error getAuth!404
[2018-09-22 09:15:04.459] [ERROR] bpm - error getAuth!404
[2018-09-22 09:36:00.578] [ERROR] bpm - error getAuth!404
[2018-09-22 09:51:21.758] [ERROR] bpm - error getAuth!404
[2018-09-22 09:51:30.894] [ERROR] bpm - error getAuth!404
[2018-09-22 09:51:32.405] [ERROR] bpm - error getAuth!404
[2018-09-22 09:51:34.856] [ERROR] bpm - error getAuth!404
[2018-09-22 10:14:36.573] [ERROR] bpm - error getAuth!404
[2018-09-22 10:17:31.280] [ERROR] bpm - error getAuth!404
[2018-09-22 10:17:31.737] [ERROR] bpm - error getAuth!404
[2018-09-22 10:17:32.278] [ERROR] bpm - error getAuth!404
[2018-09-22 10:17:34.651] [ERROR] bpm - error getAuth!404
[2018-09-22 10:18:41.949] [ERROR] bpm - error getAuth!404
